<?xml version="1.0" encoding="UTF-8"?>
<coverage generated="1748608578280" clover="3.2.0">
  <project timestamp="1748608578280" name="All files">
    <metrics statements="66" coveredstatements="66" conditionals="40" coveredconditionals="34" methods="8" coveredmethods="8" elements="114" coveredelements="108" complexity="0" loc="66" ncloc="66" packages="4" files="6" classes="6"/>
    <package name="config">
      <metrics statements="7" coveredstatements="7" conditionals="2" coveredconditionals="1" methods="0" coveredmethods="0"/>
      <file name="data-source.ts" path="/Users/rmethuku/Raju/pocs/scoms-backend/config/data-source.ts">
        <metrics statements="7" coveredstatements="7" conditionals="2" coveredconditionals="1" methods="0" coveredmethods="0"/>
        <line num="1" count="1" type="stmt"/>
        <line num="2" count="1" type="stmt"/>
        <line num="3" count="1" type="stmt"/>
        <line num="4" count="1" type="stmt"/>
        <line num="5" count="1" type="stmt"/>
        <line num="7" count="1" type="stmt"/>
        <line num="9" count="1" type="stmt"/>
      </file>
    </package>
    <package name="errors">
      <metrics statements="5" coveredstatements="5" conditionals="14" coveredconditionals="10" methods="1" coveredmethods="1"/>
      <file name="AppError.ts" path="/Users/rmethuku/Raju/pocs/scoms-backend/errors/AppError.ts">
        <metrics statements="5" coveredstatements="5" conditionals="14" coveredconditionals="10" methods="1" coveredmethods="1"/>
        <line num="5" count="1" type="stmt"/>
        <line num="8" count="15" type="stmt"/>
        <line num="9" count="15" type="cond" truecount="4" falsecount="2"/>
        <line num="10" count="15" type="cond" truecount="3" falsecount="1"/>
        <line num="11" count="15" type="cond" truecount="3" falsecount="1"/>
      </file>
    </package>
    <package name="models">
      <metrics statements="18" coveredstatements="18" conditionals="4" coveredconditionals="3" methods="0" coveredmethods="0"/>
      <file name="Order.ts" path="/Users/rmethuku/Raju/pocs/scoms-backend/models/Order.ts">
        <metrics statements="11" coveredstatements="11" conditionals="4" coveredconditionals="3" methods="0" coveredmethods="0"/>
        <line num="1" count="1" type="stmt"/>
        <line num="4" count="1" type="stmt"/>
        <line num="9" count="1" type="stmt"/>
        <line num="15" count="1" type="stmt"/>
        <line num="21" count="1" type="stmt"/>
        <line num="27" count="1" type="stmt"/>
        <line num="33" count="1" type="stmt"/>
        <line num="39" count="1" type="stmt"/>
        <line num="45" count="1" type="stmt"/>
        <line num="52" count="1" type="stmt"/>
        <line num="58" count="1" type="cond" truecount="3" falsecount="1"/>
      </file>
      <file name="Warehouse.ts" path="/Users/rmethuku/Raju/pocs/scoms-backend/models/Warehouse.ts">
        <metrics statements="7" coveredstatements="7" conditionals="0" coveredconditionals="0" methods="0" coveredmethods="0"/>
        <line num="1" count="1" type="stmt"/>
        <line num="4" count="1" type="stmt"/>
        <line num="9" count="1" type="stmt"/>
        <line num="15" count="1" type="stmt"/>
        <line num="21" count="1" type="stmt"/>
        <line num="27" count="1" type="stmt"/>
        <line num="33" count="1" type="stmt"/>
      </file>
    </package>
    <package name="utils">
      <metrics statements="36" coveredstatements="36" conditionals="20" coveredconditionals="20" methods="7" coveredmethods="7"/>
      <file name="orderUtils.ts" path="/Users/rmethuku/Raju/pocs/scoms-backend/utils/orderUtils.ts">
        <metrics statements="22" coveredstatements="22" conditionals="3" coveredconditionals="3" methods="4" coveredmethods="4"/>
        <line num="1" count="1" type="stmt"/>
        <line num="4" count="1" type="stmt"/>
        <line num="5" count="1" type="stmt"/>
        <line num="6" count="1" type="stmt"/>
        <line num="7" count="1" type="stmt"/>
        <line num="8" count="1" type="stmt"/>
        <line num="20" count="1" type="stmt"/>
        <line num="26" count="16" type="stmt"/>
        <line num="27" count="4" type="stmt"/>
        <line num="28" count="4" type="stmt"/>
        <line num="30" count="4" type="stmt"/>
        <line num="32" count="4" type="stmt"/>
        <line num="33" count="4" type="stmt"/>
        <line num="41" count="1" type="stmt"/>
        <line num="42" count="10" type="stmt"/>
        <line num="48" count="10" type="stmt"/>
        <line num="49" count="10" type="stmt"/>
        <line num="50" count="40" type="cond" truecount="3" falsecount="0"/>
        <line num="51" count="8" type="stmt"/>
        <line num="54" count="10" type="stmt"/>
        <line num="61" count="1" type="stmt"/>
        <line num="62" count="1" type="stmt"/>
      </file>
      <file name="warehouseValidation.ts" path="/Users/rmethuku/Raju/pocs/scoms-backend/utils/warehouseValidation.ts">
        <metrics statements="14" coveredstatements="14" conditionals="17" coveredconditionals="17" methods="3" coveredmethods="3"/>
        <line num="2" count="1" type="stmt"/>
        <line num="4" count="1" type="stmt"/>
        <line num="5" count="6" type="cond" truecount="3" falsecount="0"/>
        <line num="6" count="4" type="stmt"/>
        <line num="10" count="1" type="stmt"/>
        <line num="11" count="10" type="cond" truecount="4" falsecount="0"/>
        <line num="12" count="3" type="stmt"/>
        <line num="14" count="7" type="cond" truecount="3" falsecount="0"/>
        <line num="15" count="3" type="stmt"/>
        <line num="17" count="4" type="cond" truecount="3" falsecount="0"/>
        <line num="18" count="3" type="stmt"/>
        <line num="22" count="1" type="stmt"/>
        <line num="23" count="6" type="cond" truecount="4" falsecount="0"/>
        <line num="24" count="2" type="stmt"/>
      </file>
    </package>
  </project>
</coverage>
