{"/Users/rmethuku/Raju/pocs/scoms-backend/config/data-source.ts": {"path":"/Users/rmethuku/Raju/pocs/scoms-backend/config/data-source.ts","statementMap":{"0":{"start":{"line":1,"column":0},"end":{"line":1,"column":26}},"1":{"start":{"line":2,"column":0},"end":{"line":2,"column":37}},"2":{"start":{"line":3,"column":0},"end":{"line":3,"column":28}},"3":{"start":{"line":4,"column":0},"end":{"line":4,"column":48}},"4":{"start":{"line":5,"column":0},"end":{"line":5,"column":40}},"5":{"start":{"line":7,"column":0},"end":{"line":7,"column":16}},"6":{"start":{"line":9,"column":13},"end":{"line":21,"column":3}}},"fnMap":{},"branchMap":{"0":{"loc":{"start":{"line":12,"column":17},"end":{"line":12,"column":46}},"type":"binary-expr","locations":[{"start":{"line":12,"column":17},"end":{"line":12,"column":36}},{"start":{"line":12,"column":40},"end":{"line":12,"column":46}}]}},"s":{"0":1,"1":1,"2":1,"3":1,"4":1,"5":1,"6":1},"f":{},"b":{"0":[1,0]}}
,"/Users/rmethuku/Raju/pocs/scoms-backend/errors/AppError.ts": {"path":"/Users/rmethuku/Raju/pocs/scoms-backend/errors/AppError.ts","statementMap":{"0":{"start":{"line":8,"column":4},"end":{"line":8,"column":19}},"1":{"start":{"line":9,"column":4},"end":{"line":9,"column":44}},"2":{"start":{"line":10,"column":4},"end":{"line":10,"column":32}},"3":{"start":{"line":11,"column":4},"end":{"line":11,"column":54}},"4":{"start":{"line":5,"column":0},"end":{"line":5,"column":13}}},"fnMap":{"0":{"name":"(anonymous_0)","decl":{"start":{"line":7,"column":2},"end":{"line":7,"column":14}},"loc":{"start":{"line":7,"column":75},"end":{"line":12,"column":3}}}},"branchMap":{"0":{"loc":{"start":{"line":9,"column":16},"end":{"line":9,"column":43}},"type":"binary-expr","locations":[{"start":{"line":9,"column":16},"end":{"line":9,"column":29}},{"start":{"line":9,"column":33},"end":{"line":9,"column":43}}]},"1":{"loc":{"start":{"line":9,"column":16},"end":{"line":9,"column":29}},"type":"cond-expr","locations":[{"start":{"line":9,"column":23},"end":{"line":9,"column":25}},{"start":{"line":9,"column":16},"end":{"line":9,"column":29}}]},"2":{"loc":{"start":{"line":9,"column":16},"end":{"line":9,"column":25}},"type":"binary-expr","locations":[{"start":{"line":9,"column":16},"end":{"line":9,"column":25}},{"start":{"line":9,"column":16},"end":{"line":9,"column":25}}]},"3":{"loc":{"start":{"line":10,"column":17},"end":{"line":10,"column":31}},"type":"cond-expr","locations":[{"start":{"line":10,"column":24},"end":{"line":10,"column":26}},{"start":{"line":10,"column":17},"end":{"line":10,"column":31}}]},"4":{"loc":{"start":{"line":10,"column":17},"end":{"line":10,"column":26}},"type":"binary-expr","locations":[{"start":{"line":10,"column":17},"end":{"line":10,"column":26}},{"start":{"line":10,"column":17},"end":{"line":10,"column":26}}]},"5":{"loc":{"start":{"line":11,"column":4},"end":{"line":11,"column":53}},"type":"cond-expr","locations":[{"start":{"line":11,"column":27},"end":{"line":11,"column":30}},{"start":{"line":11,"column":27},"end":{"line":11,"column":53}}]},"6":{"loc":{"start":{"line":11,"column":4},"end":{"line":11,"column":30}},"type":"binary-expr","locations":[{"start":{"line":11,"column":4},"end":{"line":11,"column":30}},{"start":{"line":11,"column":27},"end":{"line":11,"column":30}}]}},"s":{"0":15,"1":15,"2":15,"3":15,"4":1},"f":{"0":15},"b":{"0":[15,0],"1":[0,15],"2":[15,15],"3":[0,15],"4":[15,15],"5":[0,15],"6":[15,15]}}
,"/Users/rmethuku/Raju/pocs/scoms-backend/models/Order.ts": {"path":"/Users/rmethuku/Raju/pocs/scoms-backend/models/Order.ts","statementMap":{"0":{"start":{"line":1,"column":0},"end":{"line":1,"column":83}},"1":{"start":{"line":4,"column":7},"end":{"line":59,"column":null}},"2":{"start":{"line":4,"column":13},"end":{"line":4,"column":18}},"3":{"start":{"line":9,"column":2},"end":{"line":9,"column":null}},"4":{"start":{"line":15,"column":2},"end":{"line":15,"column":null}},"5":{"start":{"line":21,"column":2},"end":{"line":21,"column":null}},"6":{"start":{"line":27,"column":2},"end":{"line":27,"column":null}},"7":{"start":{"line":33,"column":2},"end":{"line":33,"column":null}},"8":{"start":{"line":39,"column":2},"end":{"line":39,"column":null}},"9":{"start":{"line":45,"column":2},"end":{"line":45,"column":null}},"10":{"start":{"line":52,"column":2},"end":{"line":52,"column":null}},"11":{"start":{"line":58,"column":2},"end":{"line":58,"column":null}},"12":{"start":{"line":4,"column":13},"end":{"line":59,"column":null}}},"fnMap":{},"branchMap":{"0":{"loc":{"start":{"line":58,"column":14},"end":{"line":58,"column":19}},"type":"cond-expr","locations":[{"start":{"line":58,"column":18},"end":{"line":58,"column":19}},{"start":{"line":58,"column":18},"end":{"line":58,"column":19}}]},"1":{"loc":{"start":{"line":58,"column":14},"end":{"line":58,"column":18}},"type":"binary-expr","locations":[{"start":{"line":58,"column":14},"end":{"line":58,"column":19}},{"start":{"line":58,"column":14},"end":{"line":58,"column":18}}]}},"s":{"0":1,"1":1,"2":1,"3":1,"4":1,"5":1,"6":1,"7":1,"8":1,"9":1,"10":1,"11":1,"12":1},"f":{},"b":{"0":[1,0],"1":[1,1]}}
,"/Users/rmethuku/Raju/pocs/scoms-backend/models/Warehouse.ts": {"path":"/Users/rmethuku/Raju/pocs/scoms-backend/models/Warehouse.ts","statementMap":{"0":{"start":{"line":1,"column":0},"end":{"line":1,"column":65}},"1":{"start":{"line":4,"column":7},"end":{"line":34,"column":null}},"2":{"start":{"line":4,"column":13},"end":{"line":4,"column":22}},"3":{"start":{"line":9,"column":2},"end":{"line":9,"column":null}},"4":{"start":{"line":15,"column":2},"end":{"line":15,"column":null}},"5":{"start":{"line":21,"column":2},"end":{"line":21,"column":null}},"6":{"start":{"line":27,"column":2},"end":{"line":27,"column":null}},"7":{"start":{"line":33,"column":2},"end":{"line":33,"column":null}},"8":{"start":{"line":4,"column":13},"end":{"line":34,"column":null}}},"fnMap":{},"branchMap":{},"s":{"0":1,"1":1,"2":1,"3":1,"4":1,"5":1,"6":1,"7":1,"8":1},"f":{},"b":{}}
,"/Users/rmethuku/Raju/pocs/scoms-backend/utils/orderUtils.ts": {"path":"/Users/rmethuku/Raju/pocs/scoms-backend/utils/orderUtils.ts","statementMap":{"0":{"start":{"line":61,"column":0},"end":{"line":61,"column":22}},"1":{"start":{"line":1,"column":0},"end":{"line":1,"column":54}},"2":{"start":{"line":4,"column":32},"end":{"line":4,"column":36}},"3":{"start":{"line":5,"column":27},"end":{"line":5,"column":40}},"4":{"start":{"line":6,"column":33},"end":{"line":6,"column":34}},"5":{"start":{"line":7,"column":34},"end":{"line":7,"column":35}},"6":{"start":{"line":8,"column":35},"end":{"line":8,"column":36}},"7":{"start":{"line":20,"column":35},"end":{"line":34,"column":1}},"8":{"start":{"line":26,"column":49},"end":{"line":26,"column":82}},"9":{"start":{"line":26,"column":62},"end":{"line":26,"column":82}},"10":{"start":{"line":27,"column":27},"end":{"line":27,"column":59}},"11":{"start":{"line":28,"column":27},"end":{"line":28,"column":61}},"12":{"start":{"line":30,"column":4},"end":{"line":31,"column":130}},"13":{"start":{"line":32,"column":31},"end":{"line":32,"column":140}},"14":{"start":{"line":33,"column":2},"end":{"line":33,"column":40}},"15":{"start":{"line":20,"column":13},"end":{"line":20,"column":35}},"16":{"start":{"line":41,"column":31},"end":{"line":55,"column":1}},"17":{"start":{"line":42,"column":70},"end":{"line":47,"column":4}},"18":{"start":{"line":48,"column":29},"end":{"line":48,"column":30}},"19":{"start":{"line":49,"column":2},"end":{"line":53,"column":3}},"20":{"start":{"line":50,"column":4},"end":{"line":52,"column":5}},"21":{"start":{"line":51,"column":6},"end":{"line":51,"column":35}},"22":{"start":{"line":54,"column":2},"end":{"line":54,"column":22}},"23":{"start":{"line":41,"column":13},"end":{"line":41,"column":31}},"24":{"start":{"line":62,"column":2},"end":{"line":62,"column":39}}},"fnMap":{"0":{"name":"(anonymous_7)","decl":{"start":{"line":20,"column":35},"end":{"line":20,"column":null}},"loc":{"start":{"line":25,"column":12},"end":{"line":34,"column":1}}},"1":{"name":"(anonymous_8)","decl":{"start":{"line":26,"column":49},"end":{"line":26,"column":50}},"loc":{"start":{"line":26,"column":62},"end":{"line":26,"column":82}}},"2":{"name":"(anonymous_9)","decl":{"start":{"line":41,"column":31},"end":{"line":41,"column":32}},"loc":{"start":{"line":41,"column":60},"end":{"line":55,"column":1}}},"3":{"name":"runInTransaction","decl":{"start":{"line":61,"column":22},"end":{"line":61,"column":38}},"loc":{"start":{"line":61,"column":102},"end":{"line":63,"column":null}}}},"branchMap":{"0":{"loc":{"start":{"line":50,"column":4},"end":{"line":52,"column":5}},"type":"if","locations":[{"start":{"line":50,"column":4},"end":{"line":52,"column":5}}]},"1":{"loc":{"start":{"line":50,"column":8},"end":{"line":50,"column":68}},"type":"binary-expr","locations":[{"start":{"line":50,"column":8},"end":{"line":50,"column":36}},{"start":{"line":50,"column":40},"end":{"line":50,"column":68}}]}},"s":{"0":1,"1":1,"2":1,"3":1,"4":1,"5":1,"6":1,"7":1,"8":4,"9":16,"10":4,"11":4,"12":4,"13":4,"14":4,"15":1,"16":1,"17":10,"18":10,"19":10,"20":40,"21":8,"22":10,"23":1,"24":1},"f":{"0":4,"1":16,"2":10,"3":1},"b":{"0":[8],"1":[40,20]}}
,"/Users/rmethuku/Raju/pocs/scoms-backend/utils/warehouseValidation.ts": {"path":"/Users/rmethuku/Raju/pocs/scoms-backend/utils/warehouseValidation.ts","statementMap":{"0":{"start":{"line":4,"column":0},"end":{"line":4,"column":16}},"1":{"start":{"line":10,"column":0},"end":{"line":10,"column":16}},"2":{"start":{"line":22,"column":0},"end":{"line":22,"column":16}},"3":{"start":{"line":2,"column":0},"end":{"line":2,"column":46}},"4":{"start":{"line":5,"column":2},"end":{"line":7,"column":3}},"5":{"start":{"line":6,"column":4},"end":{"line":6,"column":104}},"6":{"start":{"line":11,"column":2},"end":{"line":13,"column":3}},"7":{"start":{"line":12,"column":4},"end":{"line":12,"column":91}},"8":{"start":{"line":14,"column":2},"end":{"line":16,"column":3}},"9":{"start":{"line":15,"column":4},"end":{"line":15,"column":110}},"10":{"start":{"line":17,"column":2},"end":{"line":19,"column":3}},"11":{"start":{"line":18,"column":4},"end":{"line":18,"column":110}},"12":{"start":{"line":23,"column":2},"end":{"line":25,"column":3}},"13":{"start":{"line":24,"column":4},"end":{"line":24,"column":110}}},"fnMap":{"0":{"name":"validateWarehouseId","decl":{"start":{"line":4,"column":16},"end":{"line":4,"column":35}},"loc":{"start":{"line":4,"column":46},"end":{"line":8,"column":1}}},"1":{"name":"validateCreateWarehouseInput","decl":{"start":{"line":10,"column":16},"end":{"line":10,"column":44}},"loc":{"start":{"line":10,"column":71},"end":{"line":20,"column":1}}},"2":{"name":"validateUpdateWarehouseInput","decl":{"start":{"line":22,"column":16},"end":{"line":22,"column":44}},"loc":{"start":{"line":22,"column":71},"end":{"line":26,"column":1}}}},"branchMap":{"0":{"loc":{"start":{"line":5,"column":2},"end":{"line":7,"column":3}},"type":"if","locations":[{"start":{"line":5,"column":2},"end":{"line":7,"column":3}}]},"1":{"loc":{"start":{"line":5,"column":6},"end":{"line":5,"column":38}},"type":"binary-expr","locations":[{"start":{"line":5,"column":6},"end":{"line":5,"column":27}},{"start":{"line":5,"column":31},"end":{"line":5,"column":38}}]},"2":{"loc":{"start":{"line":11,"column":2},"end":{"line":13,"column":3}},"type":"if","locations":[{"start":{"line":11,"column":2},"end":{"line":13,"column":3}}]},"3":{"loc":{"start":{"line":11,"column":6},"end":{"line":11,"column":76}},"type":"binary-expr","locations":[{"start":{"line":11,"column":6},"end":{"line":11,"column":16}},{"start":{"line":11,"column":20},"end":{"line":11,"column":49}},{"start":{"line":11,"column":53},"end":{"line":11,"column":76}}]},"4":{"loc":{"start":{"line":14,"column":2},"end":{"line":16,"column":3}},"type":"if","locations":[{"start":{"line":14,"column":2},"end":{"line":16,"column":3}}]},"5":{"loc":{"start":{"line":14,"column":6},"end":{"line":14,"column":77}},"type":"binary-expr","locations":[{"start":{"line":14,"column":6},"end":{"line":14,"column":39}},{"start":{"line":14,"column":43},"end":{"line":14,"column":77}}]},"6":{"loc":{"start":{"line":17,"column":2},"end":{"line":19,"column":3}},"type":"if","locations":[{"start":{"line":17,"column":2},"end":{"line":19,"column":3}}]},"7":{"loc":{"start":{"line":17,"column":6},"end":{"line":17,"column":54}},"type":"binary-expr","locations":[{"start":{"line":17,"column":6},"end":{"line":17,"column":36}},{"start":{"line":17,"column":40},"end":{"line":17,"column":54}}]},"8":{"loc":{"start":{"line":23,"column":2},"end":{"line":25,"column":3}},"type":"if","locations":[{"start":{"line":23,"column":2},"end":{"line":25,"column":3}}]},"9":{"loc":{"start":{"line":23,"column":6},"end":{"line":23,"column":84}},"type":"binary-expr","locations":[{"start":{"line":23,"column":6},"end":{"line":23,"column":30}},{"start":{"line":23,"column":35},"end":{"line":23,"column":65}},{"start":{"line":23,"column":69},"end":{"line":23,"column":83}}]}},"s":{"0":1,"1":1,"2":1,"3":1,"4":6,"5":4,"6":10,"7":3,"8":7,"9":3,"10":4,"11":3,"12":6,"13":2},"f":{"0":6,"1":10,"2":6},"b":{"0":[4],"1":[6,4],"2":[3],"3":[10,8,8],"4":[3],"5":[7,5],"6":[3],"7":[4,2],"8":[2],"9":[6,4,3]}}
}
