{"/Users/rmethuku/Raju/pocs/scoms-backend/config/data-source.ts": {"path":"/Users/rmethuku/Raju/pocs/scoms-backend/config/data-source.ts","statementMap":{"0":{"start":{"line":1,"column":0},"end":{"line":1,"column":26}},"1":{"start":{"line":2,"column":0},"end":{"line":2,"column":37}},"2":{"start":{"line":3,"column":0},"end":{"line":3,"column":28}},"3":{"start":{"line":4,"column":0},"end":{"line":4,"column":48}},"4":{"start":{"line":5,"column":0},"end":{"line":5,"column":40}},"5":{"start":{"line":7,"column":0},"end":{"line":7,"column":16}},"6":{"start":{"line":9,"column":13},"end":{"line":21,"column":3}}},"fnMap":{},"branchMap":{"0":{"loc":{"start":{"line":12,"column":17},"end":{"line":12,"column":46}},"type":"binary-expr","locations":[{"start":{"line":12,"column":17},"end":{"line":12,"column":36}},{"start":{"line":12,"column":40},"end":{"line":12,"column":46}}]}},"s":{"0":2,"1":2,"2":2,"3":2,"4":2,"5":2,"6":2},"f":{},"b":{"0":[2,0]}}
,"/Users/rmethuku/Raju/pocs/scoms-backend/errors/AppError.ts": {"path":"/Users/rmethuku/Raju/pocs/scoms-backend/errors/AppError.ts","statementMap":{"0":{"start":{"line":8,"column":4},"end":{"line":8,"column":19}},"1":{"start":{"line":9,"column":4},"end":{"line":9,"column":44}},"2":{"start":{"line":10,"column":4},"end":{"line":10,"column":32}},"3":{"start":{"line":11,"column":4},"end":{"line":11,"column":54}},"4":{"start":{"line":5,"column":0},"end":{"line":5,"column":13}}},"fnMap":{"0":{"name":"(anonymous_0)","decl":{"start":{"line":7,"column":2},"end":{"line":7,"column":14}},"loc":{"start":{"line":7,"column":75},"end":{"line":12,"column":3}}}},"branchMap":{"0":{"loc":{"start":{"line":9,"column":16},"end":{"line":9,"column":43}},"type":"binary-expr","locations":[{"start":{"line":9,"column":16},"end":{"line":9,"column":29}},{"start":{"line":9,"column":33},"end":{"line":9,"column":43}}]},"1":{"loc":{"start":{"line":9,"column":16},"end":{"line":9,"column":29}},"type":"cond-expr","locations":[{"start":{"line":9,"column":23},"end":{"line":9,"column":25}},{"start":{"line":9,"column":16},"end":{"line":9,"column":29}}]},"2":{"loc":{"start":{"line":9,"column":16},"end":{"line":9,"column":25}},"type":"binary-expr","locations":[{"start":{"line":9,"column":16},"end":{"line":9,"column":25}},{"start":{"line":9,"column":16},"end":{"line":9,"column":25}}]},"3":{"loc":{"start":{"line":10,"column":17},"end":{"line":10,"column":31}},"type":"cond-expr","locations":[{"start":{"line":10,"column":24},"end":{"line":10,"column":26}},{"start":{"line":10,"column":17},"end":{"line":10,"column":31}}]},"4":{"loc":{"start":{"line":10,"column":17},"end":{"line":10,"column":26}},"type":"binary-expr","locations":[{"start":{"line":10,"column":17},"end":{"line":10,"column":26}},{"start":{"line":10,"column":17},"end":{"line":10,"column":26}}]},"5":{"loc":{"start":{"line":11,"column":4},"end":{"line":11,"column":53}},"type":"cond-expr","locations":[{"start":{"line":11,"column":27},"end":{"line":11,"column":30}},{"start":{"line":11,"column":27},"end":{"line":11,"column":53}}]},"6":{"loc":{"start":{"line":11,"column":4},"end":{"line":11,"column":30}},"type":"binary-expr","locations":[{"start":{"line":11,"column":4},"end":{"line":11,"column":30}},{"start":{"line":11,"column":27},"end":{"line":11,"column":30}}]}},"s":{"0":6,"1":6,"2":6,"3":6,"4":2},"f":{"0":6},"b":{"0":[6,0],"1":[0,6],"2":[6,6],"3":[0,6],"4":[6,6],"5":[0,6],"6":[6,6]}}
,"/Users/rmethuku/Raju/pocs/scoms-backend/models/Order.ts": {"path":"/Users/rmethuku/Raju/pocs/scoms-backend/models/Order.ts","statementMap":{"0":{"start":{"line":1,"column":0},"end":{"line":1,"column":83}},"1":{"start":{"line":4,"column":7},"end":{"line":59,"column":null}},"2":{"start":{"line":4,"column":13},"end":{"line":4,"column":18}},"3":{"start":{"line":9,"column":2},"end":{"line":9,"column":null}},"4":{"start":{"line":15,"column":2},"end":{"line":15,"column":null}},"5":{"start":{"line":21,"column":2},"end":{"line":21,"column":null}},"6":{"start":{"line":27,"column":2},"end":{"line":27,"column":null}},"7":{"start":{"line":33,"column":2},"end":{"line":33,"column":null}},"8":{"start":{"line":39,"column":2},"end":{"line":39,"column":null}},"9":{"start":{"line":45,"column":2},"end":{"line":45,"column":null}},"10":{"start":{"line":52,"column":2},"end":{"line":52,"column":null}},"11":{"start":{"line":58,"column":2},"end":{"line":58,"column":null}},"12":{"start":{"line":4,"column":13},"end":{"line":59,"column":null}}},"fnMap":{},"branchMap":{"0":{"loc":{"start":{"line":58,"column":14},"end":{"line":58,"column":19}},"type":"cond-expr","locations":[{"start":{"line":58,"column":18},"end":{"line":58,"column":19}},{"start":{"line":58,"column":18},"end":{"line":58,"column":19}}]},"1":{"loc":{"start":{"line":58,"column":14},"end":{"line":58,"column":18}},"type":"binary-expr","locations":[{"start":{"line":58,"column":14},"end":{"line":58,"column":19}},{"start":{"line":58,"column":14},"end":{"line":58,"column":18}}]}},"s":{"0":2,"1":2,"2":2,"3":2,"4":2,"5":2,"6":2,"7":2,"8":2,"9":2,"10":2,"11":2,"12":2},"f":{},"b":{"0":[2,0],"1":[2,2]}}
,"/Users/rmethuku/Raju/pocs/scoms-backend/models/Warehouse.ts": {"path":"/Users/rmethuku/Raju/pocs/scoms-backend/models/Warehouse.ts","statementMap":{"0":{"start":{"line":1,"column":0},"end":{"line":1,"column":65}},"1":{"start":{"line":4,"column":7},"end":{"line":34,"column":null}},"2":{"start":{"line":4,"column":13},"end":{"line":4,"column":22}},"3":{"start":{"line":9,"column":2},"end":{"line":9,"column":null}},"4":{"start":{"line":15,"column":2},"end":{"line":15,"column":null}},"5":{"start":{"line":21,"column":2},"end":{"line":21,"column":null}},"6":{"start":{"line":27,"column":2},"end":{"line":27,"column":null}},"7":{"start":{"line":33,"column":2},"end":{"line":33,"column":null}},"8":{"start":{"line":4,"column":13},"end":{"line":34,"column":null}}},"fnMap":{},"branchMap":{},"s":{"0":2,"1":2,"2":2,"3":2,"4":2,"5":2,"6":2,"7":2,"8":2},"f":{},"b":{}}
,"/Users/rmethuku/Raju/pocs/scoms-backend/repositories/orderRepository.ts": {"path":"/Users/rmethuku/Raju/pocs/scoms-backend/repositories/orderRepository.ts","statementMap":{"0":{"start":{"line":1,"column":0},"end":{"line":1,"column":54}},"1":{"start":{"line":2,"column":0},"end":{"line":2,"column":40}},"2":{"start":{"line":3,"column":0},"end":{"line":3,"column":46}},"3":{"start":{"line":4,"column":0},"end":{"line":4,"column":37}},"4":{"start":{"line":6,"column":18},"end":{"line":6,"column":52}},"5":{"start":{"line":8,"column":27},"end":{"line":19,"column":2}},"6":{"start":{"line":8,"column":74},"end":{"line":19,"column":2}},"7":{"start":{"line":9,"column":2},"end":{"line":18,"column":3}},"8":{"start":{"line":10,"column":4},"end":{"line":10,"column":81}},"9":{"start":{"line":11,"column":25},"end":{"line":11,"column":47}},"10":{"start":{"line":12,"column":30},"end":{"line":12,"column":57}},"11":{"start":{"line":13,"column":4},"end":{"line":13,"column":96}},"12":{"start":{"line":14,"column":4},"end":{"line":14,"column":22}},"13":{"start":{"line":16,"column":4},"end":{"line":16,"column":141}},"14":{"start":{"line":17,"column":4},"end":{"line":17,"column":97}},"15":{"start":{"line":8,"column":13},"end":{"line":8,"column":27}},"16":{"start":{"line":21,"column":28},"end":{"line":31,"column":2}},"17":{"start":{"line":21,"column":72},"end":{"line":31,"column":2}},"18":{"start":{"line":22,"column":2},"end":{"line":30,"column":3}},"19":{"start":{"line":23,"column":4},"end":{"line":23,"column":80}},"20":{"start":{"line":24,"column":32},"end":{"line":24,"column":65}},"21":{"start":{"line":25,"column":4},"end":{"line":25,"column":94}},"22":{"start":{"line":26,"column":4},"end":{"line":26,"column":17}},"23":{"start":{"line":28,"column":4},"end":{"line":28,"column":143}},"24":{"start":{"line":29,"column":4},"end":{"line":29,"column":102}},"25":{"start":{"line":21,"column":13},"end":{"line":21,"column":28}},"26":{"start":{"line":33,"column":25},"end":{"line":43,"column":2}},"27":{"start":{"line":33,"column":54},"end":{"line":43,"column":2}},"28":{"start":{"line":34,"column":2},"end":{"line":42,"column":3}},"29":{"start":{"line":35,"column":4},"end":{"line":35,"column":63}},"30":{"start":{"line":36,"column":28},"end":{"line":36,"column":50}},"31":{"start":{"line":37,"column":4},"end":{"line":37,"column":80}},"32":{"start":{"line":38,"column":4},"end":{"line":38,"column":18}},"33":{"start":{"line":40,"column":4},"end":{"line":40,"column":122}},"34":{"start":{"line":41,"column":4},"end":{"line":41,"column":97}},"35":{"start":{"line":33,"column":13},"end":{"line":33,"column":25}}},"fnMap":{"0":{"name":"(anonymous_8)","decl":{"start":{"line":8,"column":27},"end":{"line":8,"column":34}},"loc":{"start":{"line":8,"column":74},"end":{"line":19,"column":2}}},"1":{"name":"(anonymous_9)","decl":{"start":{"line":8,"column":74},"end":{"line":8,"column":null}},"loc":{"start":{"line":8,"column":74},"end":{"line":19,"column":1}}},"2":{"name":"(anonymous_10)","decl":{"start":{"line":21,"column":28},"end":{"line":21,"column":35}},"loc":{"start":{"line":21,"column":72},"end":{"line":31,"column":2}}},"3":{"name":"(anonymous_11)","decl":{"start":{"line":21,"column":72},"end":{"line":21,"column":null}},"loc":{"start":{"line":21,"column":72},"end":{"line":31,"column":1}}},"4":{"name":"(anonymous_12)","decl":{"start":{"line":33,"column":25},"end":{"line":33,"column":52}},"loc":{"start":{"line":33,"column":54},"end":{"line":43,"column":2}}},"5":{"name":"(anonymous_13)","decl":{"start":{"line":33,"column":54},"end":{"line":33,"column":null}},"loc":{"start":{"line":33,"column":54},"end":{"line":43,"column":1}}}},"branchMap":{"0":{"loc":{"start":{"line":16,"column":48},"end":{"line":16,"column":94}},"type":"cond-expr","locations":[{"start":{"line":16,"column":73},"end":{"line":16,"column":86}},{"start":{"line":16,"column":89},"end":{"line":16,"column":94}}]},"1":{"loc":{"start":{"line":28,"column":49},"end":{"line":28,"column":95}},"type":"cond-expr","locations":[{"start":{"line":28,"column":74},"end":{"line":28,"column":87}},{"start":{"line":28,"column":90},"end":{"line":28,"column":95}}]},"2":{"loc":{"start":{"line":40,"column":46},"end":{"line":40,"column":92}},"type":"cond-expr","locations":[{"start":{"line":40,"column":71},"end":{"line":40,"column":84}},{"start":{"line":40,"column":87},"end":{"line":40,"column":92}}]}},"s":{"0":1,"1":1,"2":1,"3":1,"4":1,"5":1,"6":2,"7":2,"8":2,"9":2,"10":2,"11":1,"12":1,"13":1,"14":1,"15":1,"16":1,"17":2,"18":2,"19":2,"20":2,"21":2,"22":2,"23":0,"24":0,"25":1,"26":1,"27":2,"28":2,"29":2,"30":2,"31":1,"32":1,"33":1,"34":1,"35":1},"f":{"0":2,"1":2,"2":2,"3":2,"4":2,"5":2},"b":{"0":[1,0],"1":[0,0],"2":[1,0]}}
,"/Users/rmethuku/Raju/pocs/scoms-backend/repositories/warehouseRepository.ts": {"path":"/Users/rmethuku/Raju/pocs/scoms-backend/repositories/warehouseRepository.ts","statementMap":{"0":{"start":{"line":1,"column":0},"end":{"line":1,"column":54}},"1":{"start":{"line":2,"column":0},"end":{"line":2,"column":48}},"2":{"start":{"line":3,"column":0},"end":{"line":3,"column":46}},"3":{"start":{"line":4,"column":0},"end":{"line":4,"column":37}},"4":{"start":{"line":7,"column":22},"end":{"line":7,"column":60}},"5":{"start":{"line":9,"column":31},"end":{"line":20,"column":2}},"6":{"start":{"line":9,"column":86},"end":{"line":20,"column":2}},"7":{"start":{"line":10,"column":2},"end":{"line":19,"column":3}},"8":{"start":{"line":11,"column":4},"end":{"line":11,"column":52}},"9":{"start":{"line":12,"column":22},"end":{"line":12,"column":48}},"10":{"start":{"line":13,"column":27},"end":{"line":13,"column":62}},"11":{"start":{"line":14,"column":4},"end":{"line":14,"column":86}},"12":{"start":{"line":15,"column":4},"end":{"line":15,"column":26}},"13":{"start":{"line":17,"column":4},"end":{"line":17,"column":64}},"14":{"start":{"line":18,"column":4},"end":{"line":18,"column":105}},"15":{"start":{"line":9,"column":13},"end":{"line":9,"column":31}},"16":{"start":{"line":22,"column":29},"end":{"line":32,"column":2}},"17":{"start":{"line":22,"column":62},"end":{"line":32,"column":2}},"18":{"start":{"line":23,"column":2},"end":{"line":31,"column":3}},"19":{"start":{"line":24,"column":4},"end":{"line":24,"column":43}},"20":{"start":{"line":25,"column":23},"end":{"line":25,"column":49}},"21":{"start":{"line":26,"column":4},"end":{"line":26,"column":68}},"22":{"start":{"line":27,"column":4},"end":{"line":27,"column":22}},"23":{"start":{"line":29,"column":4},"end":{"line":29,"column":58}},"24":{"start":{"line":30,"column":4},"end":{"line":30,"column":105}},"25":{"start":{"line":22,"column":13},"end":{"line":22,"column":29}},"26":{"start":{"line":34,"column":32},"end":{"line":44,"column":2}},"27":{"start":{"line":34,"column":80},"end":{"line":44,"column":2}},"28":{"start":{"line":35,"column":2},"end":{"line":43,"column":3}},"29":{"start":{"line":36,"column":4},"end":{"line":36,"column":52}},"30":{"start":{"line":37,"column":22},"end":{"line":37,"column":59}},"31":{"start":{"line":38,"column":4},"end":{"line":38,"column":70}},"32":{"start":{"line":39,"column":4},"end":{"line":39,"column":21}},"33":{"start":{"line":41,"column":4},"end":{"line":41,"column":67}},"34":{"start":{"line":42,"column":4},"end":{"line":42,"column":110}},"35":{"start":{"line":34,"column":13},"end":{"line":34,"column":32}},"36":{"start":{"line":46,"column":31},"end":{"line":57,"column":2}},"37":{"start":{"line":46,"column":105},"end":{"line":57,"column":2}},"38":{"start":{"line":47,"column":2},"end":{"line":56,"column":3}},"39":{"start":{"line":48,"column":4},"end":{"line":48,"column":52}},"40":{"start":{"line":49,"column":4},"end":{"line":49,"column":41}},"41":{"start":{"line":50,"column":29},"end":{"line":50,"column":66}},"42":{"start":{"line":51,"column":4},"end":{"line":51,"column":80}},"43":{"start":{"line":52,"column":4},"end":{"line":52,"column":28}},"44":{"start":{"line":54,"column":4},"end":{"line":54,"column":68}},"45":{"start":{"line":55,"column":4},"end":{"line":55,"column":105}},"46":{"start":{"line":46,"column":13},"end":{"line":46,"column":31}},"47":{"start":{"line":59,"column":31},"end":{"line":68,"column":2}},"48":{"start":{"line":59,"column":67},"end":{"line":68,"column":2}},"49":{"start":{"line":60,"column":2},"end":{"line":67,"column":3}},"50":{"start":{"line":61,"column":4},"end":{"line":61,"column":46}},"51":{"start":{"line":62,"column":4},"end":{"line":62,"column":35}},"52":{"start":{"line":63,"column":4},"end":{"line":63,"column":45}},"53":{"start":{"line":65,"column":4},"end":{"line":65,"column":62}},"54":{"start":{"line":66,"column":4},"end":{"line":66,"column":105}},"55":{"start":{"line":59,"column":13},"end":{"line":59,"column":31}}},"fnMap":{"0":{"name":"(anonymous_8)","decl":{"start":{"line":9,"column":31},"end":{"line":9,"column":38}},"loc":{"start":{"line":9,"column":86},"end":{"line":20,"column":2}}},"1":{"name":"(anonymous_9)","decl":{"start":{"line":9,"column":86},"end":{"line":9,"column":null}},"loc":{"start":{"line":9,"column":86},"end":{"line":20,"column":1}}},"2":{"name":"(anonymous_10)","decl":{"start":{"line":22,"column":29},"end":{"line":22,"column":60}},"loc":{"start":{"line":22,"column":62},"end":{"line":32,"column":2}}},"3":{"name":"(anonymous_11)","decl":{"start":{"line":22,"column":62},"end":{"line":22,"column":null}},"loc":{"start":{"line":22,"column":62},"end":{"line":32,"column":1}}},"4":{"name":"(anonymous_12)","decl":{"start":{"line":34,"column":32},"end":{"line":34,"column":39}},"loc":{"start":{"line":34,"column":80},"end":{"line":44,"column":2}}},"5":{"name":"(anonymous_13)","decl":{"start":{"line":34,"column":80},"end":{"line":34,"column":null}},"loc":{"start":{"line":34,"column":80},"end":{"line":44,"column":1}}},"6":{"name":"(anonymous_14)","decl":{"start":{"line":46,"column":31},"end":{"line":46,"column":38}},"loc":{"start":{"line":46,"column":105},"end":{"line":57,"column":2}}},"7":{"name":"(anonymous_15)","decl":{"start":{"line":46,"column":105},"end":{"line":46,"column":null}},"loc":{"start":{"line":46,"column":105},"end":{"line":57,"column":1}}},"8":{"name":"(anonymous_16)","decl":{"start":{"line":59,"column":31},"end":{"line":59,"column":38}},"loc":{"start":{"line":59,"column":67},"end":{"line":68,"column":2}}},"9":{"name":"(anonymous_17)","decl":{"start":{"line":59,"column":67},"end":{"line":59,"column":null}},"loc":{"start":{"line":59,"column":67},"end":{"line":68,"column":1}}}},"branchMap":{},"s":{"0":1,"1":1,"2":1,"3":1,"4":1,"5":1,"6":2,"7":2,"8":2,"9":2,"10":2,"11":1,"12":1,"13":1,"14":1,"15":1,"16":1,"17":2,"18":2,"19":2,"20":2,"21":1,"22":1,"23":1,"24":1,"25":1,"26":1,"27":2,"28":2,"29":2,"30":2,"31":2,"32":2,"33":0,"34":0,"35":1,"36":1,"37":2,"38":2,"39":2,"40":2,"41":1,"42":1,"43":1,"44":1,"45":1,"46":1,"47":1,"48":2,"49":2,"50":2,"51":2,"52":1,"53":1,"54":1,"55":1},"f":{"0":2,"1":2,"2":2,"3":2,"4":2,"5":2,"6":2,"7":2,"8":2,"9":2},"b":{}}
,"/Users/rmethuku/Raju/pocs/scoms-backend/utils/logger.ts": {"path":"/Users/rmethuku/Raju/pocs/scoms-backend/utils/logger.ts","statementMap":{"0":{"start":{"line":1,"column":0},"end":{"line":1,"column":24}},"1":{"start":{"line":3,"column":15},"end":{"line":18,"column":2}},"2":{"start":{"line":15,"column":6},"end":{"line":15,"column":30}},"3":{"start":{"line":20,"column":0},"end":{"line":20,"column":22}}},"fnMap":{"0":{"name":"(anonymous_1)","decl":{"start":{"line":14,"column":4},"end":{"line":14,"column":9}},"loc":{"start":{"line":14,"column":15},"end":{"line":16,"column":5}}}},"branchMap":{"0":{"loc":{"start":{"line":4,"column":9},"end":{"line":4,"column":40}},"type":"binary-expr","locations":[{"start":{"line":4,"column":9},"end":{"line":4,"column":30}},{"start":{"line":4,"column":34},"end":{"line":4,"column":40}}]},"1":{"loc":{"start":{"line":7,"column":9},"end":{"line":7,"column":46}},"type":"binary-expr","locations":[{"start":{"line":7,"column":9},"end":{"line":7,"column":29}},{"start":{"line":7,"column":33},"end":{"line":7,"column":46}}]}},"s":{"0":2,"1":2,"2":12,"3":2},"f":{"0":12},"b":{"0":[2,2],"1":[2,0]}}
}
