TN:
SF:config/data-source.ts
FNF:0
FNH:0
DA:1,1
DA:2,1
DA:3,1
DA:4,1
DA:5,1
DA:7,1
DA:9,1
LF:7
LH:7
BRDA:12,0,0,1
BRDA:12,0,1,0
BRF:2
BRH:1
end_of_record
TN:
SF:errors/AppError.ts
FN:7,(anonymous_0)
FNF:1
FNH:1
FNDA:15,(anonymous_0)
DA:5,1
DA:8,15
DA:9,15
DA:10,15
DA:11,15
LF:5
LH:5
BRDA:9,0,0,15
BRDA:9,0,1,0
BRDA:9,1,0,0
BRDA:9,1,1,15
BRDA:9,2,0,15
BRDA:9,2,1,15
BRDA:10,3,0,0
BRDA:10,3,1,15
BRDA:10,4,0,15
BRDA:10,4,1,15
BRDA:11,5,0,0
BRDA:11,5,1,15
BRDA:11,6,0,15
BRDA:11,6,1,15
BRF:14
BRH:10
end_of_record
TN:
SF:models/Order.ts
FNF:0
FNH:0
DA:1,1
DA:4,1
DA:9,1
DA:15,1
DA:21,1
DA:27,1
DA:33,1
DA:39,1
DA:45,1
DA:52,1
DA:58,1
LF:11
LH:11
BRDA:58,0,0,1
BRDA:58,0,1,0
BRDA:58,1,0,1
BRDA:58,1,1,1
BRF:4
BRH:3
end_of_record
TN:
SF:models/Warehouse.ts
FNF:0
FNH:0
DA:1,1
DA:4,1
DA:9,1
DA:15,1
DA:21,1
DA:27,1
DA:33,1
LF:7
LH:7
BRF:0
BRH:0
end_of_record
TN:
SF:utils/orderUtils.ts
FN:20,(anonymous_7)
FN:26,(anonymous_8)
FN:41,(anonymous_9)
FN:61,runInTransaction
FNF:4
FNH:4
FNDA:4,(anonymous_7)
FNDA:16,(anonymous_8)
FNDA:10,(anonymous_9)
FNDA:1,runInTransaction
DA:1,1
DA:4,1
DA:5,1
DA:6,1
DA:7,1
DA:8,1
DA:20,1
DA:26,16
DA:27,4
DA:28,4
DA:30,4
DA:32,4
DA:33,4
DA:41,1
DA:42,10
DA:48,10
DA:49,10
DA:50,40
DA:51,8
DA:54,10
DA:61,1
DA:62,1
LF:22
LH:22
BRDA:50,0,0,8
BRDA:50,1,0,40
BRDA:50,1,1,20
BRF:3
BRH:3
end_of_record
TN:
SF:utils/warehouseValidation.ts
FN:4,validateWarehouseId
FN:10,validateCreateWarehouseInput
FN:22,validateUpdateWarehouseInput
FNF:3
FNH:3
FNDA:6,validateWarehouseId
FNDA:10,validateCreateWarehouseInput
FNDA:6,validateUpdateWarehouseInput
DA:2,1
DA:4,1
DA:5,6
DA:6,4
DA:10,1
DA:11,10
DA:12,3
DA:14,7
DA:15,3
DA:17,4
DA:18,3
DA:22,1
DA:23,6
DA:24,2
LF:14
LH:14
BRDA:5,0,0,4
BRDA:5,1,0,6
BRDA:5,1,1,4
BRDA:11,2,0,3
BRDA:11,3,0,10
BRDA:11,3,1,8
BRDA:11,3,2,8
BRDA:14,4,0,3
BRDA:14,5,0,7
BRDA:14,5,1,5
BRDA:17,6,0,3
BRDA:17,7,0,4
BRDA:17,7,1,2
BRDA:23,8,0,2
BRDA:23,9,0,6
BRDA:23,9,1,4
BRDA:23,9,2,3
BRF:17
BRH:17
end_of_record
