TN:
SF:config/data-source.ts
FNF:0
FNH:0
DA:1,2
DA:2,2
DA:3,2
DA:4,2
DA:5,2
DA:7,2
DA:9,2
LF:7
LH:7
BRDA:12,0,0,2
BRDA:12,0,1,0
BRF:2
BRH:1
end_of_record
TN:
SF:errors/AppError.ts
FN:7,(anonymous_0)
FNF:1
FNH:1
FNDA:6,(anonymous_0)
DA:5,2
DA:8,6
DA:9,6
DA:10,6
DA:11,6
LF:5
LH:5
BRDA:9,0,0,6
BRDA:9,0,1,0
BRDA:9,1,0,0
BRDA:9,1,1,6
BRDA:9,2,0,6
BRDA:9,2,1,6
BRDA:10,3,0,0
BRDA:10,3,1,6
BRDA:10,4,0,6
BRDA:10,4,1,6
BRDA:11,5,0,0
BRDA:11,5,1,6
BRDA:11,6,0,6
BRDA:11,6,1,6
BRF:14
BRH:10
end_of_record
TN:
SF:models/Order.ts
FNF:0
FNH:0
DA:1,2
DA:4,2
DA:9,2
DA:15,2
DA:21,2
DA:27,2
DA:33,2
DA:39,2
DA:45,2
DA:52,2
DA:58,2
LF:11
LH:11
BRDA:58,0,0,2
BRDA:58,0,1,0
BRDA:58,1,0,2
BRDA:58,1,1,2
BRF:4
BRH:3
end_of_record
TN:
SF:models/Warehouse.ts
FNF:0
FNH:0
DA:1,2
DA:4,2
DA:9,2
DA:15,2
DA:21,2
DA:27,2
DA:33,2
LF:7
LH:7
BRF:0
BRH:0
end_of_record
TN:
SF:repositories/orderRepository.ts
FN:8,(anonymous_8)
FN:8,(anonymous_9)
FN:21,(anonymous_10)
FN:21,(anonymous_11)
FN:33,(anonymous_12)
FN:33,(anonymous_13)
FNF:6
FNH:6
FNDA:2,(anonymous_8)
FNDA:2,(anonymous_9)
FNDA:2,(anonymous_10)
FNDA:2,(anonymous_11)
FNDA:2,(anonymous_12)
FNDA:2,(anonymous_13)
DA:1,1
DA:2,1
DA:3,1
DA:4,1
DA:6,1
DA:8,2
DA:9,2
DA:10,2
DA:11,2
DA:12,2
DA:13,1
DA:14,1
DA:16,1
DA:17,1
DA:21,2
DA:22,2
DA:23,2
DA:24,2
DA:25,2
DA:26,2
DA:28,0
DA:29,0
DA:33,2
DA:34,2
DA:35,2
DA:36,2
DA:37,1
DA:38,1
DA:40,1
DA:41,1
LF:30
LH:28
BRDA:16,0,0,1
BRDA:16,0,1,0
BRDA:28,1,0,0
BRDA:28,1,1,0
BRDA:40,2,0,1
BRDA:40,2,1,0
BRF:6
BRH:2
end_of_record
TN:
SF:repositories/warehouseRepository.ts
FN:9,(anonymous_8)
FN:9,(anonymous_9)
FN:22,(anonymous_10)
FN:22,(anonymous_11)
FN:34,(anonymous_12)
FN:34,(anonymous_13)
FN:46,(anonymous_14)
FN:46,(anonymous_15)
FN:59,(anonymous_16)
FN:59,(anonymous_17)
FNF:10
FNH:10
FNDA:2,(anonymous_8)
FNDA:2,(anonymous_9)
FNDA:2,(anonymous_10)
FNDA:2,(anonymous_11)
FNDA:2,(anonymous_12)
FNDA:2,(anonymous_13)
FNDA:2,(anonymous_14)
FNDA:2,(anonymous_15)
FNDA:2,(anonymous_16)
FNDA:2,(anonymous_17)
DA:1,1
DA:2,1
DA:3,1
DA:4,1
DA:7,1
DA:9,2
DA:10,2
DA:11,2
DA:12,2
DA:13,2
DA:14,1
DA:15,1
DA:17,1
DA:18,1
DA:22,2
DA:23,2
DA:24,2
DA:25,2
DA:26,1
DA:27,1
DA:29,1
DA:30,1
DA:34,2
DA:35,2
DA:36,2
DA:37,2
DA:38,2
DA:39,2
DA:41,0
DA:42,0
DA:46,2
DA:47,2
DA:48,2
DA:49,2
DA:50,1
DA:51,1
DA:52,1
DA:54,1
DA:55,1
DA:59,2
DA:60,2
DA:61,2
DA:62,2
DA:63,1
DA:65,1
DA:66,1
LF:46
LH:44
BRF:0
BRH:0
end_of_record
TN:
SF:utils/logger.ts
FN:14,(anonymous_1)
FNF:1
FNH:1
FNDA:12,(anonymous_1)
DA:1,2
DA:3,2
DA:15,12
DA:20,2
LF:4
LH:4
BRDA:4,0,0,2
BRDA:4,0,1,2
BRDA:7,1,0,2
BRDA:7,1,1,0
BRF:4
BRH:3
end_of_record
